mode: set
github.com/haimberger/compare/equal/testing.go:6.51,19.25 3 1
github.com/haimberger/compare/equal/testing.go:19.25,20.59 1 1
github.com/haimberger/compare/equal/testing.go:20.59,22.4 1 0
github.com/haimberger/compare/equal/testing.go:27.50,49.25 3 1
github.com/haimberger/compare/equal/testing.go:49.25,50.58 1 1
github.com/haimberger/compare/equal/testing.go:50.58,52.4 1 0
github.com/haimberger/compare/equal/testing.go:57.54,79.25 3 1
github.com/haimberger/compare/equal/testing.go:79.25,80.62 1 1
github.com/haimberger/compare/equal/testing.go:80.62,82.4 1 0
github.com/haimberger/compare/equal/testing.go:87.53,102.25 3 1
github.com/haimberger/compare/equal/testing.go:102.25,103.61 1 1
github.com/haimberger/compare/equal/testing.go:103.61,105.4 1 0
github.com/haimberger/compare/equal/time.go:15.44,17.2 1 1
github.com/haimberger/compare/equal/time.go:20.42,22.2 1 1
github.com/haimberger/compare/equal/time.go:25.50,27.2 1 1
github.com/haimberger/compare/equal/time.go:34.48,37.32 3 1
github.com/haimberger/compare/equal/time.go:41.2,43.20 3 1
github.com/haimberger/compare/equal/time.go:37.32,40.3 1 1
github.com/haimberger/compare/equal/tolerant.go:13.48,15.2 1 1
github.com/haimberger/compare/equal/tolerant.go:19.46,21.2 1 1
github.com/haimberger/compare/equal/tolerant.go:26.54,28.2 1 1
github.com/haimberger/compare/equal/tolerant.go:31.52,33.2 1 1
